2020-05-03T05:24:40.188Z - normal: Load ~/.CocosCreator/settings.json
2020-05-03T05:24:40.271Z - normal: Initializing Asset Database
2020-05-03T05:24:40.272Z - normal: checking language setting...
2020-05-03T05:24:40.273Z - normal: Language: en
2020-05-03T05:24:41.969Z - success: preview server running at http://localhost:7456
2020-05-03T05:24:41.972Z - success: protocol editor-framework registered
2020-05-03T05:24:41.972Z - success: protocol app registered
2020-05-03T05:24:41.972Z - success: protocol theme registered
2020-05-03T05:24:41.972Z - success: protocol packages registered
2020-05-03T05:24:41.972Z - success: protocol uuid registerred
2020-05-03T05:24:41.973Z - success: protocol db registerred
2020-05-03T05:24:41.973Z - success: protocol thumbnail registerred
2020-05-03T05:24:41.973Z - success: protocol unpack registerred
2020-05-03T05:24:41.973Z - success: protocol disable-commonjs registerred
2020-05-03T05:24:44.511Z - normal: connected!
2020-05-03T05:24:44.512Z - normal: Check project D:\self-made\complete_project
2020-05-03T05:24:44.513Z - normal: Initializing project D:\self-made\complete_project
2020-05-03T05:24:44.819Z - success: adapters loaded
2020-05-03T05:24:44.828Z - success: asset-db-debugger loaded
2020-05-03T05:24:44.942Z - success: fb-audience-network loaded
2020-05-03T05:24:45.037Z - success: fb-live-stream loaded
2020-05-03T05:24:45.064Z - success: google-play-instant loaded
2020-05-03T05:24:45.133Z - success: huawei-runtime loaded
2020-05-03T05:24:45.137Z - success: jkw-adapter loaded
2020-05-03T05:24:45.140Z - success: jsb-adapter loaded
2020-05-03T05:24:45.195Z - success: oppo-runtime loaded
2020-05-03T05:24:45.204Z - success: package-manager loaded
2020-05-03T05:24:45.217Z - success: qtt-adapter loaded
2020-05-03T05:24:45.238Z - success: runtime-dev-tools loaded
2020-05-03T05:24:45.266Z - success: sdkbox loaded
2020-05-03T05:24:45.274Z - success: ui-kit-preview-extra loaded
2020-05-03T05:24:45.283Z - success: ui-kit-preview loaded
2020-05-03T05:24:45.360Z - success: vivo-runtime loaded
2020-05-03T05:24:45.377Z - success: alipay-minigame loaded
2020-05-03T05:24:45.415Z - success: assets loaded
2020-05-03T05:24:45.418Z - success: baidugame-opendata loaded
2020-05-03T05:24:45.420Z - success: baidugame loaded
2020-05-03T05:24:45.424Z - success: builder loaded
2020-05-03T05:24:45.639Z - success: cocos-services loaded
2020-05-03T05:24:45.642Z - success: console loaded
2020-05-03T05:24:45.652Z - success: fb-instant-games loaded
2020-05-03T05:24:45.654Z - success: game-window loaded
2020-05-03T05:24:45.655Z - success: google-instant-games loaded
2020-05-03T05:24:45.657Z - success: hierarchy loaded
2020-05-03T05:24:45.659Z - success: inspector loaded
2020-05-03T05:24:46.782Z - success: cpk-publish loaded
2020-05-03T05:24:46.786Z - success: keystore loaded
2020-05-03T05:24:46.793Z - success: node-library loaded
2020-05-03T05:24:46.795Z - success: open-recent-items loaded
2020-05-03T05:24:46.796Z - success: package-asset loaded
2020-05-03T05:24:46.797Z - success: preferences loaded
2020-05-03T05:24:46.800Z - success: project-exporter loaded
2020-05-03T05:24:46.801Z - success: project-importer loaded
2020-05-03T05:24:46.802Z - success: project-settings loaded
2020-05-03T05:24:46.829Z - success: qtt-runtime loaded
2020-05-03T05:24:46.832Z - success: scene loaded
2020-05-03T05:24:46.833Z - success: simulator-debugger loaded
2020-05-03T05:24:46.835Z - success: sprite-editor loaded
2020-05-03T05:24:46.837Z - success: store loaded
2020-05-03T05:24:46.839Z - success: timeline loaded
2020-05-03T05:24:46.842Z - success: wechatgame-opendata loaded
2020-05-03T05:24:46.846Z - success: wechatgame loaded
2020-05-03T05:24:46.849Z - success: xiaomi-runtime loaded
2020-05-03T05:24:47.578Z - normal: Initializing Cocos2d
2020-05-03T05:24:51.386Z - normal: Initializing engine extends
2020-05-03T05:24:56.899Z - info: Cocos Service load base data!
2020-05-03T05:25:04.690Z - normal: Loading packages
2020-05-03T05:25:04.695Z - normal: Watching packages
2020-05-03T05:25:05.528Z - normal: Run Application
